v11.15.0
 Active  Name               Version         Desc
----------------------------------------------------------------------------------------------------
   ✘     solution.discuss   2019.02.03      Plugin to fetch most voted solution in discussions.
   ✔     company            2017.12.18      Plugin to query by company for free user.
   ✔     cache              default         Plugin to provide local cache.
   ✔     retry              default         Plugin to retry last failed request if autologin.enable is on.
   ✘     leetcode.cn        2018.11.25      Plugin to talk with leetcode-cn APIs.
   ✔     leetcode           default         Plugin to talk with leetcode APIs.
 Active  Name               Version         Desc
----------------------------------------------------------------------------------------------------
   ✔     solution.discuss   2019.02.03      Plugin to fetch most voted solution in discussions.
   ✔     company            2017.12.18      Plugin to query by company for free user.
   ✔     cache              default         Plugin to provide local cache.
   ✔     retry              default         Plugin to retry last failed request if autologin.enable is on.
   ✘     leetcode.cn        2018.11.25      Plugin to talk with leetcode-cn APIs.
   ✔     leetcode           default         Plugin to talk with leetcode APIs.
 Active  Name               Version         Desc
----------------------------------------------------------------------------------------------------
   ✔     solution.discuss   2019.02.03      Plugin to fetch most voted solution in discussions.
   ✔     company            2017.12.18      Plugin to query by company for free user.
   ✔     cache              default         Plugin to provide local cache.
   ✔     retry              default         Plugin to retry last failed request if autologin.enable is on.
   ✔     leetcode.cn        2018.11.25      Plugin to talk with leetcode-cn APIs.
   ✔     leetcode           default         Plugin to talk with leetcode APIs.
 Active  Name               Version         Desc
----------------------------------------------------------------------------------------------------
   ✔     solution.discuss   2019.02.03      Plugin to fetch most voted solution in discussions.
   ✔     company            2017.12.18      Plugin to query by company for free user.
   ✔     cache              default         Plugin to provide local cache.
   ✔     retry              default         Plugin to retry last failed request if autologin.enable is on.
   ✘     leetcode.cn        2018.11.25      Plugin to talk with leetcode-cn APIs.
   ✔     leetcode           default         Plugin to talk with leetcode APIs.
[ERROR] You are not login yet?
login:  Active  Name               Version         Desc
----------------------------------------------------------------------------------------------------
   ✔     solution.discuss   2019.02.03      Plugin to fetch most voted solution in discussions.
   ✔     company            2017.12.18      Plugin to query by company for free user.
   ✔     cache              default         Plugin to provide local cache.
   ✔     retry              default         Plugin to retry last failed request if autologin.enable is on.
   ✔     leetcode.cn        2018.11.25      Plugin to talk with leetcode-cn APIs.
   ✔     leetcode           default         Plugin to talk with leetcode APIs.
[ERROR] You are not login yet?
login: login: pass: - Signing in leetcode.com
- Retrieving user favorites
- Retrieving user profile
Successfully login as FanYingF
- Downloading problems
login: - Downloading questions titles
  　   [1131] 绝对值表达式的最大值                                         Medium (27.87 %)
  　   [1130] 叶值的最小代价生成树                                         Medium (45.59 %)
  　   [1129] 颜色交替的最短路径                                           Medium (24.90 %)
  　   [1128] 等价多米诺骨牌对的数量                                       Easy   (31.62 %)
  　   [1125] 最小的必要团队                                               Hard   (31.88 %)
  　   [1124] 表现良好的最长时间段                                         Medium (14.21 %)
  　   [1123] 最深叶节点的最近公共祖先                                     Medium (55.50 %)
  　   [1122] 数组的相对排序                                               Easy   (62.00 %)
  　   [1111] 有效括号的嵌套深度                                           Medium (63.17 %)
  　   [1110] 删点成林                                                     Medium (50.88 %)
  　   [1109] 航班预订统计                                                 Medium (26.80 %)
  　   [1108] IP 地址无效化                                                Easy   (80.07 %)
  　   [1106] 解析布尔表达式                                               Hard   (51.16 %)
  　   [1105] 填充书架                                                     Medium (48.33 %)
  　   [1104] 二叉树寻路                                                   Medium (60.44 %)
  　   [1103] 分糖果 II                                                    Easy   (59.56 %)
  　   [1096] 花括号展开 II                                                Hard   (40.82 %)
  　   [1095] 山脉数组中查找目标值                                         Hard   (24.60 %)
  　   [1094] 拼车                                                         Medium (48.94 %)
  　   [1093] 大样本统计                                                   Medium (33.61 %)
  　   [1092] 最短公共超序列                                               Hard   (33.75 %)
  　   [1091] 二进制矩阵中的最短路径                                       Medium (23.56 %)
  　   [1090] 受标签影响的最大值                                           Medium (41.42 %)
  　   [1089] 复写零                                                       Easy   (53.34 %)
  　   [1081] 不同字符的最小子序列                                         Medium (36.80 %)
  　   [1080] 根到叶路径上的不足节点                                       Medium (37.31 %)
  　   [1079] 活字印刷                                                     Medium (68.91 %)
  　   [1078] Bigram 分词                                                  Easy   (62.40 %)
  　   [1074] 元素和为目标值的子矩阵数量                                   Hard   (35.18 %)
  　   [1073] 负二进制数相加                                               Medium (26.36 %)
  　   [1072] 按列翻转得到最大值等行数                                     Medium (39.06 %)
  　   [1071] 字符串的最大公因子                                           Easy   (42.69 %)
  　   [1054] 距离相等的条形码                                             Medium (26.71 %)
  　   [1053] 交换一次的先前排列                                           Medium (38.77 %)
  　   [1052] 爱生气的书店老板                                             Medium (42.27 %)
  　   [1051] 高度检查器                                                   Easy   (70.10 %)
  　   [1049] 最后一块石头的重量 II                                        Medium (33.01 %)
  　   [1048] 最长字符串链                                                 Medium (27.35 %)
  　   [1047] 删除字符串中的所有相邻重复项                                 Easy   (58.79 %)
  　   [1046] 最后一块石头的重量                                           Easy   (55.97 %)
  　   [1044] 最长重复子串                                                 Hard   (15.71 %)
  　   [1043] 分隔数组以得到最大和                                         Medium (54.77 %)
  　   [1042] 不邻接植花                                                   Easy   (39.25 %)
  　   [1041] 困于环中的机器人                                             Easy   (36.43 %)
  　   [1040] 移动石子直到连续 II                                          Medium (42.11 %)
  　   [1039] 多边形三角剖分的最低得分                                     Medium (35.81 %)
  　   [1038] 从二叉搜索树到更大和树                                       Medium (72.24 %)
  　   [1037] 有效的回旋镖                                                 Easy   (36.63 %)
  　   [1036] 逃离大迷宫                                                   Hard   (23.27 %)
  　   [1035] 不相交的线                                                   Medium (44.39 %)
  　   [1034] 边框着色                                                     Medium (34.58 %)
  　   [1033] 移动石子直到连续                                             Easy   (33.14 %)
  　   [1032] 字符流                                                       Hard   (21.12 %)
  　   [1031] 两个非重叠子数组的最大和                                     Medium (48.93 %)
  　   [1030] 距离顺序排列矩阵单元格                                       Easy   (58.22 %)
  　   [1029] 两地调度                                                     Easy   (51.91 %)
  　   [1028] 从先序遍历还原二叉树                                         Hard   (60.33 %)
  　   [1027] 最长等差数列                                                 Medium (32.83 %)
  　   [1026] 节点与其祖先之间的最大差值                                   Medium (49.67 %)
  　   [1025] 除数博弈                                                     Easy   (66.61 %)
  　   [1024] 视频拼接                                                     Medium (44.29 %)
  　   [1023] 驼峰式匹配                                                   Medium (48.05 %)
  　   [1022] 从根到叶的二进制数之和                                       Easy   (40.42 %)
  　   [1021] 删除最外层的括号                                             Easy   (74.65 %)
  　   [1020] 飞地的数量                                                   Medium (44.16 %)
  　   [1019] 链表中的下一个更大节点                                       Medium (42.04 %)
  　   [1018] 可被 5 整除的二进制前缀                                      Easy   (39.87 %)
  　   [1017] 负二进制转换                                                 Medium (47.28 %)
  　   [1016] 子串能表示从 1 到 N 数字的二进制串                           Medium (52.58 %)
  　   [1015] 可被 K 整除的最小整数                                        Medium (22.94 %)
  　   [1014] 最佳观光组合                                                 Medium (39.33 %)
  　   [1013] 将数组分成和相等的三个部分                                   Easy   (47.96 %)
  　   [1012] 至少有 1 位重复的数字                                        Hard   (21.88 %)
  　   [1011] 在 D 天内送达包裹的能力                                      Medium (43.65 %)
  　   [1010] 总持续时间可被 60 整除的歌曲                                 Easy   (41.74 %)
  　   [1009] 十进制整数的反码                                             Easy   (55.26 %)
  　   [1008] 先序遍历构造二叉树                                           Medium (70.77 %)
  　   [1007] 行相等的最少多米诺旋转                                       Medium (38.74 %)
  　   [1006] 笨阶乘                                                       Medium (48.04 %)
  　   [1005] K 次取反后最大化的数组和                                     Easy   (46.64 %)
  　   [1004] 最大连续1的个数 III                                          Medium (43.40 %)
  　   [1003] 检查替换后的词是否有效                                       Medium (52.35 %)
  　   [1002] 查找常用字符                                                 Easy   (63.30 %)
  　   [1001] 网格照明                                                     Hard   (25.73 %)
  　   [1000] 合并石头的最低成本                                           Hard   (22.48 %)
  　   [ 999] 车的可用捕获量                                               Easy   (64.78 %)
  　   [ 998] 最大二叉树 II                                                Medium (53.72 %)
  　   [ 997] 找到小镇的法官                                               Easy   (46.15 %)
  　   [ 996] 正方形数组的数目                                             Hard   (39.64 %)
  　   [ 995] K 连续位的最小翻转次数                                       Hard   (36.50 %)
  　   [ 994] 腐烂的橘子                                                   Easy   (45.39 %)
  　   [ 993] 二叉树的堂兄弟节点                                           Easy   (47.05 %)
  　   [ 992] K 个不同整数的子数组                                         Hard   (28.56 %)
  　   [ 991] 坏了的计算器                                                 Medium (49.93 %)
  　   [ 990] 等式方程的可满足性                                           Medium (34.38 %)
  　   [ 989] 数组形式的整数加法                                           Easy   (42.14 %)
  　   [ 988] 从叶结点开始的最小字符串                                     Medium (40.44 %)
  　   [ 987] 二叉树的垂序遍历                                             Medium (34.26 %)
  　   [ 986] 区间列表的交集                                               Medium (58.03 %)
  　   [ 985] 查询后的偶数和                                               Easy   (58.76 %)
  　   [ 984] 不含 AAA 或 BBB 的字符串                                     Medium (32.03 %)
  　   [ 983] 最低票价                                                     Medium (50.82 %)
  　   [ 982] 按位与为零的三元组                                           Hard   (41.67 %)
  　   [ 981] 基于时间的键值存储                                           Medium (30.08 %)
  　   [ 980] 不同路径 III                                                 Hard   (68.22 %)
  　   [ 979] 在二叉树中分配硬币                                           Medium (64.78 %)
  　   [ 978] 最长湍流子数组                                               Medium (36.89 %)
  　   [ 977] 有序数组的平方                                               Easy   (70.53 %)
  　   [ 976] 三角形的最大周长                                             Easy   (55.28 %)
  　   [ 975] 奇偶跳                                                       Hard   (40.55 %)
  　   [ 974] 和可被 K 整除的子数组                                        Medium (32.54 %)
  　   [ 973] 最接近原点的 K 个点                                          Medium (57.86 %)
  　   [ 972] 相等的有理数                                                 Hard   (40.14 %)
  　   [ 971] 翻转二叉树以匹配先序遍历                                     Medium (39.17 %)
  　   [ 970] 强整数                                                       Easy   (36.98 %)
  　   [ 969] 煎饼排序                                                     Medium (59.00 %)
  　   [ 968] 监控二叉树                                                   Hard   (33.96 %)
  　   [ 967] 连续差相同的数字                                             Medium (31.94 %)
  　   [ 966] 元音拼写检查器                                               Medium (36.01 %)
  　   [ 965] 单值二叉树                                                   Easy   (65.01 %)
  　   [ 964] 表示数字的最少运算符                                         Hard   (31.79 %)
  　   [ 963] 最小面积矩形 II                                              Medium (48.93 %)
  　   [ 962] 最大宽度坡                                                   Medium (31.66 %)
  　   [ 961] 重复 N 次的元素                                              Easy   (66.24 %)
  　   [ 960] 删列造序 III                                                 Hard   (46.73 %)
  　   [ 959] 由斜杠划分区域                                               Medium (61.30 %)
  　   [ 958] 二叉树的完全性检验                                           Medium (43.28 %)
  　   [ 957] N 天后的牢房                                                 Medium (30.54 %)
  　   [ 956] 最高的广告牌                                                 Hard   (32.98 %)
  　   [ 955] 删列造序 II                                                  Medium (25.58 %)
  　   [ 954] 二倍数对数组                                                 Medium (24.58 %)
  　   [ 953] 验证外星语词典                                               Easy   (54.81 %)
  　   [ 952] 按公因数计算最大组件大小                                     Hard   (23.29 %)
  　   [ 951] 翻转等价二叉树                                               Medium (57.02 %)
  　   [ 950] 按递增顺序显示卡牌                                           Medium (75.83 %)
  　   [ 949] 给定数字能组成的最大时间                                     Easy   (30.68 %)
  　   [ 948] 令牌放置                                                     Medium (31.58 %)
  　   [ 947] 移除最多的同行或同列石头                                     Medium (44.26 %)
  　   [ 946] 验证栈序列                                                   Medium (50.86 %)
  　   [ 945] 使数组唯一的最小增量                                         Medium (40.03 %)
  　   [ 944] 删列造序                                                     Easy   (67.04 %)
  　   [ 943] 最短超级串                                                   Hard   (29.25 %)
  　   [ 942] 增减字符串匹配                                               Easy   (69.32 %)
  　   [ 941] 有效的山脉数组                                               Easy   (33.45 %)
  　   [ 940] 不同的子序列 II                                              Hard   (39.86 %)
  　   [ 939] 最小面积矩形                                                 Medium (37.88 %)
  　   [ 938] 二叉搜索树的范围和                                           Easy   (74.73 %)
  　   [ 937] 重新排列日志文件                                             Easy   (49.89 %)
  　   [ 936] 戳印序列                                                     Hard   (28.82 %)
  　   [ 935] 骑士拨号器                                                   Medium (33.09 %)
  　   [ 934] 最短的桥                                                     Medium (43.47 %)
  　   [ 933] 最近的请求次数                                               Easy   (66.73 %)
  　   [ 932] 漂亮数组                                                     Medium (50.51 %)
  　   [ 931] 下降路径最小和                                               Medium (55.97 %)
  　   [ 930] 和相同的二元子数组                                           Medium (30.60 %)
  　   [ 929] 独特的电子邮件地址                                           Easy   (65.75 %)
  　   [ 928] 尽量减少恶意软件的传播 II                                    Hard   (43.37 %)
  　   [ 927] 三等分                                                       Hard   (27.91 %)
  　   [ 926] 将字符串翻转到单调递增                                       Medium (39.78 %)
  　   [ 925] 长按键入                                                     Easy   (42.36 %)
  　   [ 924] 尽量减少恶意软件的传播                                       Hard   (38.89 %)
  　   [ 923] 三数之和的多种可能                                           Medium (28.90 %)
  　   [ 922] 按奇偶排序数组 II                                            Easy   (64.48 %)
  　   [ 921] 使括号有效的最少添加                                         Medium (65.82 %)
  　   [ 920] 播放列表的数量                                               Hard   (35.66 %)
  　   [ 919] 完全二叉树插入器                                             Medium (45.07 %)
  　   [ 918] 环形子数组的最大和                                           Medium (26.36 %)
  　   [ 917] 仅仅反转字母                                                 Easy   (48.91 %)
  　   [ 916] 单词子集                                                     Medium (35.02 %)
  　   [ 915] 分割数组                                                     Medium (39.30 %)
  　   [ 914] 卡牌分组                                                     Easy   (31.08 %)
  　   [ 913] 猫和老鼠                                                     Hard   (21.24 %)
  　   [ 912] 排序数组                                                     Medium (53.18 %)
  　   [ 911] 在线选举                                                     Medium (30.59 %)
  　   [ 910] 最小差值 II                                                  Medium (21.29 %)
  　   [ 909] 蛇梯棋                                                       Medium (24.18 %)
  　   [ 908] 最小差值 I                                                   Easy   (65.73 %)
  　   [ 907] 子数组的最小值之和                                           Medium (23.68 %)
  　   [ 906] 超级回文数                                                   Hard   (16.82 %)
  　   [ 905] 按奇偶排序数组                                               Easy   (67.44 %)
  　   [ 904] 水果成篮                                                     Medium (31.53 %)
  　   [ 903] DI 序列的有效排列                                            Hard   (42.95 %)
  　   [ 902] 最大为 N 的数字组合                                          Hard   (22.43 %)
  　   [ 901] 股票价格跨度                                                 Medium (32.23 %)
  　   [ 900] RLE 迭代器                                                   Medium (36.24 %)
  　   [ 899] 有序队列                                                     Hard   (42.59 %)
  　   [ 898] 子数组按位或操作                                             Medium (23.24 %)
  　   [ 897] 递增顺序查找树                                               Easy   (58.90 %)
  　   [ 896] 单调数列                                                     Easy   (48.40 %)
  　   [ 895] 最大频率栈                                                   Hard   (38.95 %)
  　   [ 894] 所有可能的满二叉树                                           Medium (70.56 %)
  　   [ 893] 特殊等价字符串组                                             Easy   (60.88 %)
  　   [ 892] 三维形体的表面积                                             Easy   (51.96 %)
  　   [ 891] 子序列宽度之和                                               Hard   (22.08 %)
  　   [ 890] 查找和替换模式                                               Medium (66.78 %)
  　   [ 889] 根据前序和后序遍历构造二叉树                                 Medium (56.56 %)
  　   [ 888] 公平的糖果交换                                               Easy   (48.70 %)
  　   [ 887] 鸡蛋掉落                                                     Hard   (19.08 %)
  　   [ 886] 可能的二分法                                                 Medium (31.72 %)
  　   [ 885] 螺旋矩阵 III                                                 Medium (57.61 %)
  　   [ 884] 两句话中的不常见单词                                         Easy   (56.96 %)
  　   [ 883] 三维形体投影面积                                             Easy   (61.27 %)
  　   [ 882] 细分图中的可到达结点                                         Hard   (29.21 %)
  　   [ 881] 救生艇                                                       Medium (36.81 %)
  　   [ 880] 索引处的解码字符串                                           Medium (19.15 %)
  　   [ 879] 盈利计划                                                     Hard   (24.38 %)
  　   [ 878] 第 N 个神奇数字                                              Hard   (17.69 %)
  　   [ 877] 石子游戏                                                     Medium (64.39 %)
  　   [ 876] 链表的中间结点                                               Easy   (61.46 %)
  　   [ 875] 爱吃香蕉的珂珂                                               Medium (36.46 %)
  　   [ 874] 模拟行走机器人                                               Easy   (29.60 %)
  　   [ 873] 最长的斐波那契子序列的长度                                   Medium (42.65 %)
  　   [ 872] 叶子相似的树                                                 Easy   (59.40 %)
  　   [ 871] 最低加油次数                                                 Hard   (26.23 %)
  　   [ 870] 优势洗牌                                                     Medium (33.79 %)
  　   [ 869] 重新排序得到 2 的幂                                          Medium (42.76 %)
  　   [ 868] 二进制间距                                                   Easy   (58.28 %)
  　   [ 867] 转置矩阵                                                     Easy   (64.70 %)
  　   [ 866] 回文素数                                                     Medium (16.21 %)
  　   [ 865] 具有所有最深结点的最小子树                                   Medium (41.29 %)
  　   [ 864] 获取所有钥匙的最短路径                                       Hard   (38.03 %)
  　   [ 863] 二叉树中所有距离为 K 的结点                                  Medium (40.60 %)
  　   [ 862] 和至少为 K 的最短子数组                                      Hard   (10.51 %)
  　   [ 861] 翻转矩阵后的得分                                             Medium (70.03 %)
  　   [ 860] 柠檬水找零                                                   Easy   (51.09 %)
  　   [ 859] 亲密字符串                                                   Easy   (26.12 %)
  　   [ 858] 镜面反射                                                     Medium (47.73 %)
  　   [ 857] 雇佣 K 名工人的最低成本                                      Hard   (35.74 %)
  　   [ 856] 括号的分数                                                   Medium (53.59 %)
  　   [ 855] 考场就座                                                     Medium (26.88 %)
  　   [ 854] 相似度为 K 的字符串                                          Hard   (21.12 %)
  　   [ 853] 车队                                                         Medium (31.84 %)
  　   [ 852] 山脉数组的峰顶索引                                           Easy   (68.30 %)
  　   [ 851] 喧闹和富有                                                   Medium (38.17 %)
  　   [ 850] 矩形面积 II                                                  Hard   (36.18 %)
  　   [ 849] 到最近的人的最大距离                                         Easy   (36.08 %)
  　   [ 848] 字母移位                                                     Medium (33.82 %)
  　   [ 847] 访问所有节点的最短路径                                       Hard   (43.65 %)
  　   [ 846] 一手顺子                                                     Medium (42.81 %)
  　   [ 845] 数组中的最长山脉                                             Medium (29.10 %)
  　   [ 844] 比较含退格的字符串                                           Easy   (47.50 %)
  　   [ 843] 猜猜这个单词                                                 Hard   (27.76 %)
  　   [ 842] 将数组拆分成斐波那契序列                                     Medium (30.65 %)
  　   [ 841] 钥匙和房间                                                   Medium (55.94 %)
  　   [ 840] 矩阵中的幻方                                                 Easy   (31.80 %)
  　   [ 839] 相似字符串组                                                 Hard   (23.14 %)
  　   [ 838] 推多米诺                                                     Medium (37.30 %)
  　   [ 837] 新21点                                                       Medium (22.47 %)
  　   [ 836] 矩形重叠                                                     Easy   (41.18 %)
  　   [ 835] 图像重叠                                                     Medium (55.59 %)
  　   [ 834] 树中距离之和                                                 Hard   (26.78 %)
  　   [ 833] 字符串中的查找与替换                                         Medium (30.68 %)
  　   [ 832] 翻转图像                                                     Easy   (72.26 %)
  　   [ 831] 隐藏个人信息                                                 Medium (33.00 %)
  　   [ 830] 较大分组的位置                                               Easy   (42.42 %)
  　   [ 829] 连续整数求和                                                 Hard   (25.82 %)
  　   [ 828] 独特字符串                                                   Hard   (32.41 %)
  　   [ 827] 最大人工岛                                                   Hard   (32.77 %)
  　   [ 826] 安排工作以达到最大收益                                       Medium (32.45 %)
  　   [ 825] 适龄的朋友                                                   Medium (29.10 %)
  　   [ 824] 山羊拉丁文                                                   Easy   (56.14 %)
  　   [ 823] 带因子的二叉树                                               Medium (35.91 %)
  　   [ 822] 翻转卡片游戏                                                 Medium (42.40 %)
  　   [ 821] 字符的最短距离                                               Easy   (64.09 %)
  　   [ 820] 单词的压缩编码                                               Medium (44.81 %)
  　   [ 819] 最常见的单词                                                 Easy   (35.11 %)
  　   [ 818] 赛车                                                         Hard   (24.05 %)
  　   [ 817] 链表组件                                                     Medium (52.42 %)
  　   [ 816] 模糊坐标                                                     Medium (43.96 %)
  　   [ 815] 公交路线                                                     Hard   (33.84 %)
  　   [ 814] 二叉树剪枝                                                   Medium (69.79 %)
  　   [ 813] 最大平均值和的分组                                           Medium (42.16 %)
  　   [ 812] 最大三角形面积                                               Easy   (57.43 %)
  　   [ 811] 子域名访问计数                                               Easy   (63.16 %)
  　   [ 810] 黑板异或游戏                                                 Hard   (47.61 %)
  　   [ 809] 情感丰富的文字                                               Medium (34.41 %)
  　   [ 808] 分汤                                                         Medium (37.54 %)
  　   [ 807] 保持城市天际线                                               Medium (76.68 %)
  　   [ 806] 写字符串需要的行数                                           Easy   (61.61 %)
  　   [ 805] 数组的均值分割                                               Hard   (22.00 %)
  　   [ 804] 唯一摩尔斯密码词                                             Easy   (72.47 %)
  　   [ 803] 打砖块                                                       Hard   (18.62 %)
  　   [ 802] 找到最终的安全状态                                           Medium (39.38 %)
  　   [ 801] 使序列递增的最小交换次数                                     Medium (33.75 %)
  　   [ 799] 香槟塔                                                       Medium (31.22 %)
  　   [ 798] 得分最高的最小轮调                                           Hard   (29.38 %)
  　   [ 797] 所有可能的路径                                               Medium (70.09 %)
  　   [ 796] 旋转字符串                                                   Easy   (47.55 %)
  　   [ 795] 区间子数组个数                                               Medium (43.41 %)
  　   [ 794] 有效的井字游戏                                               Medium (27.65 %)
  　   [ 793] 阶乘函数后K个零                                              Hard   (29.69 %)
  　   [ 792] 匹配子序列的单词数                                           Medium (37.56 %)
  　   [ 791] 自定义字符串排序                                             Medium (61.75 %)
  　   [ 790] 多米诺和托米诺平铺                                           Medium (34.20 %)
  　   [ 789] 逃脱阻碍者                                                   Medium (58.40 %)
  　   [ 788] 旋转数字                                                     Easy   (56.13 %)
  　   [ 787] K 站中转内最便宜的航班                                       Medium (33.17 %)
  　   [ 786] 第 K 个最小的素数分数                                        Hard   (30.64 %)
  　   [ 785] 判断二分图                                                   Medium (38.34 %)
  　   [ 784] 字母大小写全排列                                             Easy   (57.50 %)
  　   [ 783] 二叉搜索树结点最小距离                                       Easy   (51.89 %)
  　   [ 782] 变为棋盘                                                     Hard   (41.68 %)
  　   [ 781] 森林中的兔子                                                 Medium (51.97 %)
  　   [ 780] 到达终点                                                     Hard   (26.24 %)
  　   [ 779] 第K个语法符号                                                Medium (37.89 %)
  　   [ 778] 水位上升的泳池中游泳                                         Hard   (43.75 %)
  　   [ 777] 在LR字符串中交换相邻字符                                     Medium (28.72 %)
  　   [ 775] 全局倒置与局部倒置                                           Medium (41.04 %)
  　   [ 773] 滑动谜题                                                     Hard   (56.12 %)
  　   [ 771] 宝石与石头                                                   Easy   (80.00 %)
  　   [ 770] 基本计算器 IV                                                Hard   (44.60 %)
  　   [ 769] 最多能完成排序的块                                           Medium (47.64 %)
  　   [ 768] 最多能完成排序的块 II                                        Hard   (41.00 %)
  　   [ 767] 重构字符串                                                   Medium (34.66 %)
  　   [ 766] 托普利茨矩阵                                                 Easy   (60.59 %)
  　   [ 765] 情侣牵手                                                     Hard   (52.57 %)
  　   [ 764] 最大加号标志                                                 Medium (46.99 %)
  　   [ 763] 划分字母区间                                                 Medium (66.19 %)
  　   [ 762] 二进制表示中质数个计算置位                                   Easy   (62.75 %)
  　   [ 761] 特殊的二进制序列                                             Hard   (50.73 %)
  　   [ 757]  设置交集大小至少为2                                         Hard   (30.11 %)
  　   [ 756] 金字塔转换矩阵                                               Medium (51.22 %)
  　   [ 754] 到达终点数字                                                 Easy   (37.88 %)
  　   [ 753] 破解保险箱                                                   Hard   (49.13 %)
  　   [ 752] 打开转盘锁                                                   Medium (47.68 %)
  　   [ 749] 隔离病毒                                                     Hard   (50.49 %)
  　   [ 748] 最短完整词                                                   Easy   (54.42 %)
  　   [ 747] 至少是其他数字两倍的最大数                                   Easy   (38.66 %)
  　   [ 746] 使用最小花费爬楼梯                                           Easy   (43.16 %)
  　   [ 745] 前缀和后缀搜索                                               Hard   (25.35 %)
  　   [ 744] 寻找比目标字母大的最小字母                                   Easy   (42.23 %)
  　   [ 743] 网络延迟时间                                                 Medium (44.21 %)
  　   [ 741] 摘樱桃                                                       Hard   (26.16 %)
  　   [ 740] 删除与获得点数                                               Medium (48.59 %)
  　   [ 739] 每日温度                                                     Medium (58.41 %)
  　   [ 738] 单调递增的数字                                               Medium (38.72 %)
  　   [ 736] Lisp 语法解析                                                Hard   (42.52 %)
  　   [ 735] 行星碰撞                                                     Medium (32.07 %)
  　   [ 733] 图像渲染                                                     Easy   (50.66 %)
  　   [ 732] 我的日程安排表 III                                           Hard   (49.21 %)
  　   [ 731] 我的日程安排表 II                                            Medium (41.64 %)
  　   [ 730] 统计不同回文子字符串                                         Hard   (39.85 %)
  　   [ 729] 我的日程安排表 I                                             Medium (43.62 %)
  　   [ 728] 自除数                                                       Easy   (68.99 %)
  　   [ 726] 原子的数量                                                   Hard   (40.84 %)
  　   [ 725] 分隔链表                                                     Medium (49.84 %)
  　   [ 724] 寻找数组的中心索引                                           Easy   (35.45 %)
  　   [ 722] 删除注释                                                     Medium (24.58 %)
  　   [ 721] 账户合并                                                     Medium (28.71 %)
  　   [ 720] 词典中最长的单词                                             Easy   (43.49 %)
  　   [ 719] 找出第 k 小的距离对                                          Hard   (29.05 %)
  　   [ 718] 最长重复子数组                                               Medium (45.05 %)
  　   [ 717] 1比特与2比特字符                                             Easy   (43.54 %)
  　   [ 715] Range 模块                                                   Hard   (29.35 %)
  　   [ 714] 买卖股票的最佳时机含手续费                                   Medium (52.33 %)
  　   [ 713] 乘积小于K的子数组                                            Medium (30.39 %)
  　   [ 712] 两个字符串的最小ASCII删除和                                  Medium (56.82 %)
  　   [ 710] 黑名单中的随机数                                             Hard   (25.03 %)
  　   [ 709] 转换成小写字母                                               Easy   (73.87 %)
  　 ✔ [ 707] 设计链表                                                     Easy   (22.92 %)
  　   [ 706] 设计哈希映射                                                 Easy   (55.07 %)
  　   [ 705] 设计哈希集合                                                 Easy   (54.76 %)
  　   [ 704] 二分查找                                                     Easy   (49.79 %)
  　   [ 703] 数据流中的第K大元素                                          Easy   (39.26 %)
  　   [ 701] 二叉搜索树中的插入操作                                       Medium (65.73 %)
  　   [ 700] 二叉搜索树中的搜索                                           Easy   (68.86 %)
  　   [ 699] 掉落的方块                                                   Hard   (35.71 %)
  　   [ 698] 划分为k个相等的子集                                          Medium (39.28 %)
  　   [ 697] 数组的度                                                     Easy   (48.11 %)
  　   [ 696] 计数二进制子串                                               Easy   (46.27 %)
  　   [ 695] 岛屿的最大面积                                               Medium (55.36 %)
  　   [ 693] 交替位二进制数                                               Easy   (59.37 %)
  　   [ 692] 前K个高频单词                                                Medium (40.97 %)
  　   [ 691] 贴纸拼词                                                     Hard   (46.65 %)
  　   [ 690] 员工的重要性                                                 Easy   (52.68 %)
  　   [ 689] 三个无重叠子数组的最大和                                     Hard   (38.21 %)
  　   [ 688] “马”在棋盘上的概率                                         Medium (41.58 %)
  　   [ 687] 最长同值路径                                                 Easy   (36.01 %)
  　   [ 686] 重复叠加字符串匹配                                           Easy   (31.06 %)
  　   [ 685] 冗余连接 II                                                  Hard   (29.84 %)
  　   [ 684] 冗余连接                                                     Medium (50.52 %)
  　   [ 682] 棒球比赛                                                     Easy   (63.46 %)
  　   [ 680] 验证回文字符串 Ⅱ                                            Easy   (31.93 %)
  　   [ 679] 24 点游戏                                                    Hard   (38.55 %)
  　   [ 678] 有效的括号字符串                                             Medium (25.82 %)
  　   [ 677] 键值映射                                                     Medium (58.76 %)
  　   [ 676] 实现一个魔法字典                                             Medium (51.64 %)
  　   [ 675] 为高尔夫比赛砍树                                             Hard   (27.02 %)
  　   [ 674] 最长连续递增序列                                             Easy   (41.63 %)
  　   [ 673] 最长递增子序列的个数                                         Medium (30.33 %)
  　   [ 672] 灯泡开关 Ⅱ                                                  Medium (48.01 %)
  　   [ 671] 二叉树中第二小的节点                                         Easy   (44.63 %)
  　   [ 670] 最大交换                                                     Medium (36.18 %)
  　   [ 669] 修剪二叉搜索树                                               Easy   (61.77 %)
  　   [ 668] 乘法表中第k小的数                                            Hard   (33.79 %)
  　   [ 667] 优美的排列 II                                                Medium (55.69 %)
  　   [ 665] 非递减数列                                                   Easy   (20.16 %)
  　   [ 664] 奇怪的打印机                                                 Hard   (33.54 %)
  　   [ 662] 二叉树最大宽度                                               Medium (32.41 %)
  　   [ 661] 图片平滑器                                                   Easy   (48.64 %)
  　   [ 659] 分割数组为连续子序列                                         Medium (40.46 %)
  　   [ 658] 找到 K 个最接近的元素                                        Medium (38.12 %)
  　   [ 657] 机器人能否返回原点                                           Easy   (71.06 %)
  　   [ 655] 输出二叉树                                                   Medium (49.40 %)
  　   [ 654] 最大二叉树                                                   Medium (75.41 %)
  　   [ 653] 两数之和 IV - 输入 BST                                       Easy   (52.12 %)
  　   [ 652] 寻找重复的子树                                               Medium (50.07 %)
  　   [ 650] 只有两个键的键盘                                             Medium (44.04 %)
  　   [ 649] Dota2 参议院                                                 Medium (35.71 %)
  　   [ 648] 单词替换                                                     Medium (51.27 %)
  　   [ 647] 回文子串                                                     Medium (56.71 %)
  　   [ 646] 最长数对链                                                   Medium (49.89 %)
  　   [ 645] 错误的集合                                                   Easy   (37.43 %)
  　   [ 643] 子数组最大平均数 I                                           Easy   (35.08 %)
  　   [ 641] 设计循环双端队列                                             Medium (45.56 %)
  　   [ 640] 求解方程                                                     Medium (37.39 %)
  　   [ 639] 解码方法 2                                                   Hard   (23.96 %)
  　   [ 638] 大礼包                                                       Medium (55.05 %)
  　   [ 637] 二叉树的层平均值                                             Easy   (60.35 %)
  　   [ 636] 函数的独占时间                                               Medium (47.72 %)
  　   [ 633] 平方数之和                                                   Easy   (31.11 %)
  　   [ 632] 最小区间                                                     Hard   (42.10 %)
  　   [ 630] 课程表 III                                                   Hard   (27.72 %)
  　   [ 629] K个逆序对数组                                                Hard   (38.48 %)
  　   [ 628] 三个数的最大乘积                                             Easy   (46.08 %)
  　   [ 627] 交换工资                                                     Easy   (69.31 %)
  　   [ 626] 换座位                                                       Medium (62.94 %)
  　   [ 623] 在二叉树中增加一行                                           Medium (47.86 %)
  　   [ 622] 设计循环队列                                                 Medium (38.26 %)
  　   [ 621] 任务调度器                                                   Medium (46.30 %)
  　   [ 620] 有趣的电影                                                   Easy   (71.73 %)
  　   [ 617] 合并二叉树                                                   Easy   (71.98 %)
  　   [ 611] 有效三角形的个数                                             Medium (45.52 %)
  　   [ 609] 在系统中查找重复文件                                         Medium (56.54 %)
  　   [ 606] 根据二叉树创建字符串                                         Easy   (50.64 %)
  　   [ 605] 种花问题                                                     Easy   (29.24 %)
  　   [ 601] 体育馆的人流量                                               Hard   (41.58 %)
  　   [ 600] 不含连续1的非负整数                                          Hard   (25.44 %)
  　   [ 599] 两个列表的最小索引总和                                       Easy   (46.48 %)
  　   [ 598] 范围求和 II                                                  Easy   (48.82 %)
  　   [ 596] 超过5名学生的课                                              Easy   (36.89 %)
  　   [ 595] 大的国家                                                     Easy   (73.95 %)
  　   [ 594] 最长和谐子序列                                               Easy   (41.67 %)
  　   [ 593] 有效的正方形                                                 Medium (38.73 %)
  　   [ 592] 分数加减运算                                                 Medium (46.65 %)
  　   [ 591] 标签验证器                                                   Hard   (26.95 %)
  　   [ 590] N叉树的后序遍历                                              Easy   (68.87 %)
  　   [ 589] N叉树的前序遍历                                              Easy   (68.85 %)
  　   [ 587] 安装栅栏                                                     Hard   (30.04 %)
  　   [ 583] 两个字符串的删除操作                                         Medium (43.89 %)
  　   [ 581] 最短无序连续子数组                                           Easy   (32.75 %)
  　   [ 576] 出界的路径数                                                 Medium (34.25 %)
  　   [ 575] 分糖果                                                       Easy   (62.03 %)
  　   [ 572] 另一个树的子树                                               Easy   (41.41 %)
  　   [ 567] 字符串的排列                                                 Medium (32.15 %)
  　   [ 566] 重塑矩阵                                                     Easy   (60.98 %)
  　   [ 565] 数组嵌套                                                     Medium (49.59 %)
  　   [ 564] 寻找最近的回文数                                             Hard   (11.76 %)
  　   [ 563] 二叉树的坡度                                                 Easy   (48.82 %)
  　   [ 561] 数组拆分 I                                                   Easy   (66.48 %)
  　   [ 560] 和为K的子数组                                                Medium (39.00 %)
  　   [ 559] N叉树的最大深度                                              Easy   (66.84 %)
  　   [ 558] 四叉树交集                                                   Easy   (43.88 %)
  　   [ 557] 反转字符串中的单词 III                                       Easy   (66.57 %)
  　   [ 556] 下一个更大元素 III                                           Medium (25.76 %)
  　   [ 554] 砖墙                                                         Medium (44.49 %)
  　   [ 553] 最优除法                                                     Medium (51.92 %)
  　   [ 552] 学生出勤记录 II                                              Hard   (33.57 %)
  　   [ 551] 学生出勤记录 I                                               Easy   (48.03 %)
  　   [ 547] 朋友圈                                                       Medium (51.05 %)
  　   [ 546] 移除盒子                                                     Hard   (46.31 %)
  　   [ 543] 二叉树的直径                                                 Easy   (45.54 %)
  　   [ 542] 01 矩阵                                                      Medium (33.85 %)
  　   [ 541] 反转字符串 II                                                Easy   (47.76 %)
  　   [ 540] 有序数组中的单一元素                                         Medium (62.18 %)
  　   [ 539] 最小时间差                                                   Medium (48.32 %)
  　   [ 538] 把二叉搜索树转换为累加树                                     Easy   (55.58 %)
  　   [ 537] 复数乘法                                                     Medium (64.86 %)
  　   [ 535] TinyURL 的加密与解密                                         Medium (79.04 %)
  　   [ 532] 数组中的K-diff数对                                           Easy   (31.85 %)
  　   [ 530] 二叉搜索树的最小绝对差                                       Easy   (53.91 %)
  　   [ 529] 扫雷游戏                                                     Medium (55.77 %)
  　   [ 528] 按权重随机选择                                               Medium (36.38 %)
  　   [ 526] 优美的排列                                                   Medium (55.02 %)
  　   [ 525] 连续数组                                                     Medium (36.97 %)
  　   [ 524] 通过删除字母匹配到字典里最长单词                             Medium (44.13 %)
  　   [ 523] 连续的子数组和                                               Medium (22.91 %)
  　   [ 522] 最长特殊序列 II                                              Medium (29.02 %)
  　   [ 521] 最长特殊序列 Ⅰ                                              Easy   (62.90 %)
  　   [ 520] 检测大写字母                                                 Easy   (53.20 %)
  　   [ 519] 随机翻转矩阵                                                 Medium (31.30 %)
  　   [ 518] 零钱兑换 II                                                  Medium (42.44 %)
  　   [ 517] 超级洗衣机                                                   Hard   (35.15 %)
  　   [ 516] 最长回文子序列                                               Medium (46.96 %)
  　   [ 515] 在每个树行中找最大值                                         Medium (56.42 %)
  　   [ 514] 自由之路                                                     Hard   (36.92 %)
  　   [ 513] 找树左下角的值                                               Medium (66.25 %)
  　   [ 509] 斐波那契数                                                   Easy   (65.26 %)
  　   [ 508] 出现次数最多的子树元素和                                     Medium (58.11 %)
  　   [ 507] 完美数                                                       Easy   (35.37 %)
  　   [ 506] 相对名次                                                     Easy   (50.87 %)
  　   [ 504] 七进制数                                                     Easy   (45.25 %)
  　   [ 503] 下一个更大元素 II                                            Medium (48.50 %)
  　   [ 502] IPO                                                          Hard   (34.82 %)
  　   [ 501] 二叉搜索树中的众数                                           Easy   (41.84 %)
  　   [ 500] 键盘行                                                       Easy   (66.74 %)
  　   [ 498] 对角线遍历                                                   Medium (38.38 %)
  　   [ 497] 非重叠矩形中的随机点                                         Medium (32.82 %)
  　   [ 496] 下一个更大元素 I                                             Easy   (60.11 %)
  　   [ 495] 提莫攻击                                                     Medium (50.53 %)
  　   [ 494] 目标和                                                       Medium (40.68 %)
  　   [ 493] 翻转对                                                       Hard   (19.57 %)
  　   [ 492] 构造矩形                                                     Easy   (47.92 %)
  　   [ 491] 递增子序列                                                   Medium (43.23 %)
  　   [ 488] 祖玛游戏                                                     Hard   (41.72 %)
  　   [ 486] 预测赢家                                                     Medium (45.24 %)
  　   [ 485] 最大连续1的个数                                              Easy   (53.89 %)
  　   [ 483] 最小好进制                                                   Hard   (35.91 %)
  　   [ 482] 密钥格式化                                                   Easy   (37.62 %)
  　   [ 481] 神奇字符串                                                   Medium (49.74 %)
  　   [ 480] 滑动窗口中位数                                               Hard   (30.12 %)
  　   [ 479] 最大回文数乘积                                               Hard   (28.97 %)
  　   [ 478] 在圆内随机生成点                                             Medium (34.27 %)
  　   [ 477] 汉明距离总和                                                 Medium (41.88 %)
  　   [ 476] 数字的补数                                                   Easy   (67.83 %)
  　   [ 475] 供暖器                                                       Easy   (27.82 %)
  　   [ 474] 一和零                                                       Medium (41.64 %)
  　   [ 473] 火柴拼正方形                                                 Medium (32.41 %)
  　   [ 472] 连接词                                                       Hard   (39.30 %)
  　   [ 470] 用 Rand7() 实现 Rand10()                                     Medium (43.44 %)
  　   [ 468] 验证IP地址                                                   Medium (19.44 %)
  　   [ 467] 环绕字符串中唯一的子字符串                                   Medium (35.49 %)
  　   [ 466] 统计重复个数                                                 Hard   (28.33 %)
  　   [ 464] 我能赢吗                                                     Medium (31.75 %)
  　   [ 463] 岛屿的周长                                                   Easy   (61.78 %)
  　   [ 462] 最少移动次数使数组元素相等 II                                Medium (53.35 %)
  　   [ 461] 汉明距离                                                     Easy   (71.19 %)
  　   [ 460] LFU缓存                                                      Hard   (32.90 %)
  　   [ 459] 重复的子字符串                                               Easy   (41.79 %)
  　   [ 458] 可怜的小猪                                                   Hard   (50.16 %)
  　   [ 457] 环形数组循环                                                 Medium (30.73 %)
  　   [ 456] 132模式                                                      Medium (23.65 %)
  　   [ 455] 分发饼干                                                     Easy   (50.61 %)
  　   [ 454] 四数相加 II                                                  Medium (53.20 %)
  　   [ 453] 最小移动次数使数组元素相等                                   Easy   (51.40 %)
  　   [ 452] 用最少数量的箭引爆气球                                       Medium (46.01 %)
  　   [ 451] 根据字符出现频率排序                                         Medium (59.20 %)
  　   [ 450] 删除二叉搜索树中的节点                                       Medium (35.49 %)
  　   [ 449] 序列化和反序列化二叉搜索树                                   Medium (48.48 %)
  　   [ 448] 找到所有数组中消失的数字                                     Easy   (51.41 %)
  　   [ 447] 回旋镖的数量                                                 Easy   (53.97 %)
  　   [ 446] 等差数列划分 II - 子序列                                     Hard   (28.23 %)
  　   [ 445] 两数相加 II                                                  Medium (49.46 %)
  　   [ 443] 压缩字符串                                                   Easy   (35.77 %)
  　   [ 442] 数组中重复的数据                                             Medium (61.59 %)
  　   [ 441] 排列硬币                                                     Easy   (38.60 %)
  　   [ 440] 字典序的第K小数字                                            Hard   (28.49 %)
  　   [ 438] 找到字符串中所有字母异位词                                   Easy   (38.22 %)
  　   [ 437] 路径总和 III                                                 Easy   (51.41 %)
  　   [ 436] 寻找右区间                                                   Medium (38.99 %)
  　   [ 435] 无重叠区间                                                   Medium (41.85 %)
  　   [ 434] 字符串中的单词数                                             Easy   (31.37 %)
  　   [ 433] 最小基因变化                                                 Medium (42.15 %)
  　   [ 432] 全 O(1) 的数据结构                                           Hard   (35.20 %)
  　   [ 430] 扁平化多级双向链表                                           Medium (41.09 %)
  　   [ 429] N叉树的层序遍历                                              Easy   (62.54 %)
  　   [ 427] 建立四叉树                                                   Medium (55.81 %)
  　   [ 424] 替换后的最长重复字符                                         Medium (39.33 %)
  　   [ 423] 从英文中重建数字                                             Medium (48.98 %)
  　   [ 421] 数组中两个数的最大异或值                                     Medium (55.45 %)
  　   [ 420] 强密码检验器                                                 Hard   (14.43 %)
  　   [ 419] 甲板上的战舰                                                 Medium (66.08 %)
  　   [ 417] 太平洋大西洋水流问题                                         Medium (38.60 %)
  　   [ 416] 分割等和子集                                                 Medium (42.82 %)
  　   [ 415] 字符串相加                                                   Easy   (46.51 %)
  　   [ 414] 第三大的数                                                   Easy   (32.05 %)
  　   [ 413] 等差数列划分                                                 Medium (55.91 %)
  　   [ 412] Fizz Buzz                                                    Easy   (60.73 %)
  　   [ 410] 分割数组的最大值                                             Hard   (37.31 %)
  　   [ 409] 最长回文串                                                   Easy   (49.18 %)
  　   [ 407] 接雨水 II                                                    Hard   (30.28 %)
  　   [ 406] 根据身高重建队列                                             Medium (63.21 %)
  　   [ 405] 数字转换为十六进制数                                         Easy   (46.52 %)
  　   [ 404] 左叶子之和                                                   Easy   (50.70 %)
  　   [ 403] 青蛙过河                                                     Hard   (28.11 %)
  　   [ 402] 移掉K位数字                                                  Medium (25.94 %)
  　   [ 401] 二进制手表                                                   Easy   (48.12 %)
  　   [ 400] 第N个数字                                                    Easy   (32.35 %)
  　   [ 399] 除法求值                                                     Medium (49.16 %)
  　   [ 398] 随机数索引                                                   Medium (54.74 %)
  　   [ 397] 整数替换                                                     Medium (31.16 %)
  　   [ 396] 旋转函数                                                     Medium (36.94 %)
  　   [ 395] 至少有K个重复字符的最长子串                                  Medium (39.99 %)
  　   [ 394] 字符串解码                                                   Medium (44.91 %)
  　   [ 393] UTF-8 编码验证                                               Medium (36.11 %)
  　   [ 392] 判断子序列                                                   Medium (48.18 %)
  　   [ 391] 完美矩形                                                     Hard   (22.15 %)
  　   [ 390] 消除游戏                                                     Medium (39.00 %)
  　   [ 389] 找不同                                                       Easy   (57.61 %)
  　   [ 388] 文件的最长绝对路径                                           Medium (43.44 %)
  　   [ 387] 字符串中的第一个唯一字符                                     Easy   (39.49 %)
  　   [ 386] 字典序排数                                                   Medium (60.11 %)
  　   [ 385] 迷你语法分析器                                               Medium (38.60 %)
  　   [ 384] 打乱数组                                                     Medium (46.38 %)
  　   [ 383] 赎金信                                                       Easy   (48.77 %)
  　   [ 382] 链表随机节点                                                 Medium (53.36 %)
  　   [ 381] O(1) 时间插入、删除和获取随机元素 - 允许重复                 Hard   (33.70 %)
  　   [ 380] 常数时间插入、删除和获取随机元素                             Medium (45.45 %)
  　   [ 378] 有序矩阵中第K小的元素                                        Medium (55.67 %)
  　   [ 377] 组合总和 Ⅳ                                                  Medium (39.27 %)
  　   [ 376] 摆动序列                                                     Medium (38.68 %)
  　   [ 375] 猜数字大小 II                                                Medium (33.88 %)
  　   [ 374] 猜数字大小                                                   Easy   (39.40 %)
  　   [ 373] 查找和最小的K对数字                                          Medium (35.82 %)
  　   [ 372] 超级次方                                                     Medium (35.18 %)
  　   [ 371] 两整数之和                                                   Easy   (51.70 %)
  　   [ 368] 最大整除子集                                                 Medium (34.89 %)
  　   [ 367] 有效的完全平方数                                             Easy   (41.51 %)
  　   [ 365] 水壶问题                                                     Medium (27.68 %)
  　   [ 363] 矩形区域不超过 K 的最大数值和                                Hard   (33.53 %)
  　   [ 357] 计算各个位数不同的数字个数                                   Medium (46.09 %)
  　   [ 355] 设计推特                                                     Medium (33.47 %)
  　   [ 354] 俄罗斯套娃信封问题                                           Hard   (32.23 %)
  　   [ 352] 将数据流变为多个不相交区间                                   Hard   (48.60 %)
  　   [ 350] 两个数组的交集 II                                            Easy   (42.97 %)
  　   [ 349] 两个数组的交集                                               Easy   (64.53 %)
  　   [ 347] 前 K 个高频元素                                              Medium (57.38 %)
  　   [ 345] 反转字符串中的元音字母                                       Easy   (47.49 %)
  　   [ 344] 反转字符串                                                   Easy   (67.09 %)
  　   [ 343] 整数拆分                                                     Medium (51.87 %)
  　   [ 342] 4的幂                                                        Easy   (46.06 %)
  　   [ 341] 扁平化嵌套列表迭代器                                         Medium (60.30 %)
  　   [ 338] 比特位计数                                                   Medium (73.02 %)
  　   [ 337] 打家劫舍 III                                                 Medium (54.11 %)
  　   [ 336] 回文对                                                       Hard   (28.43 %)
  　   [ 335] 路径交叉                                                     Hard   (28.61 %)
  　   [ 334] 递增的三元子序列                                             Medium (34.70 %)
  　   [ 332] 重新安排行程                                                 Medium (31.88 %)
  　   [ 331] 验证二叉树的前序序列化                                       Medium (41.94 %)
  　   [ 330] 按要求补齐数组                                               Hard   (38.70 %)
  　   [ 329] 矩阵中的最长递增路径                                         Hard   (39.05 %)
  　   [ 328] 奇偶链表                                                     Medium (57.92 %)
  　   [ 327] 区间和的个数                                                 Hard   (32.95 %)
  　   [ 326] 3的幂                                                        Easy   (44.79 %)
  　   [ 324] 摆动排序 II                                                  Medium (32.99 %)
  　   [ 322] 零钱兑换                                                     Medium (33.89 %)
  　   [ 321] 拼接最大数                                                   Hard   (26.01 %)
  　   [ 319] 灯泡开关                                                     Medium (41.33 %)
  　   [ 318] 最大单词长度乘积                                             Medium (57.24 %)
  　   [ 316] 去除重复字母                                                 Hard   (32.36 %)
  　   [ 315] 计算右侧小于当前元素的个数                                   Hard   (37.65 %)
  　   [ 313] 超级丑数                                                     Medium (56.22 %)
  　   [ 312] 戳气球                                                       Hard   (54.71 %)
  　   [ 310] 最小高度树                                                   Medium (34.48 %)
  　   [ 309] 最佳买卖股票时机含冷冻期                                     Medium (48.88 %)
  　   [ 307] 区域和检索 - 数组可修改                                      Medium (50.18 %)
  　   [ 306] 累加数                                                       Medium (30.76 %)
  　   [ 304] 二维区域和检索 - 矩阵不可变                                  Medium (40.27 %)
  　   [ 303] 区域和检索 - 数组不可变                                      Easy   (55.26 %)
  　   [ 301] 删除无效的括号                                               Hard   (40.87 %)
  　   [ 300] 最长上升子序列                                               Medium (42.67 %)
  　   [ 299] 猜数字游戏                                                   Medium (45.50 %)
  　   [ 297] 二叉树的序列化与反序列化                                     Hard   (40.09 %)
  　   [ 295] 数据流的中位数                                               Hard   (36.48 %)
  　   [ 292] Nim 游戏                                                     Easy   (69.05 %)
  　   [ 290] 单词规律                                                     Easy   (39.83 %)
  　   [ 289] 生命游戏                                                     Medium (63.95 %)
  　   [ 287] 寻找重复数                                                   Medium (60.30 %)
  　   [ 284] 顶端迭代器                                                   Medium (68.87 %)
  　   [ 283] 移动零                                                       Easy   (55.52 %)
  　   [ 282] 给表达式添加运算符                                           Hard   (29.87 %)
  　   [ 279] 完全平方数                                                   Medium (50.57 %)
  　   [ 278] 第一个错误的版本                                             Easy   (32.40 %)
  　   [ 275] H指数 II                                                     Medium (38.06 %)
  　   [ 274] H指数                                                        Medium (35.57 %)
  　   [ 273] 整数转换英文表示                                             Hard   (22.82 %)
  　   [ 268] 缺失数字                                                     Easy   (51.68 %)
  　   [ 264] 丑数 II                                                      Medium (46.22 %)
  　   [ 263] 丑数                                                         Easy   (47.04 %)
  　   [ 262] 行程和用户                                                   Hard   (42.35 %)
  　   [ 260] 只出现一次的数字 III                                         Medium (65.92 %)
  　   [ 258] 各位相加                                                     Easy   (63.92 %)
  　   [ 257] 二叉树的所有路径                                             Easy   (58.92 %)
  　   [ 242] 有效的字母异位词                                             Easy   (54.41 %)
  　   [ 241] 为运算表达式设计优先级                                       Medium (68.47 %)
  　   [ 240] 搜索二维矩阵 II                                              Medium (37.14 %)
  　   [ 239] 滑动窗口最大值                                               Hard   (41.98 %)
  　   [ 238] 除自身以外数组的乘积                                         Medium (62.11 %)
  　   [ 237] 删除链表中的节点                                             Easy   (75.43 %)
  　   [ 236] 二叉树的最近公共祖先                                         Medium (56.02 %)
  　   [ 235] 二叉搜索树的最近公共祖先                                     Easy   (60.11 %)
  　   [ 234] 回文链表                                                     Easy   (38.02 %)
  　   [ 233] 数字 1 的个数                                                Hard   (29.49 %)
  　   [ 232] 用栈实现队列                                                 Easy   (60.45 %)
  　   [ 231] 2的幂                                                        Easy   (46.47 %)
  　   [ 230] 二叉搜索树中第K小的元素                                      Medium (65.55 %)
  　   [ 229] 求众数 II                                                    Medium (41.64 %)
  　   [ 228] 汇总区间                                                     Medium (48.62 %)
  　   [ 227] 基本计算器 II                                                Medium (32.85 %)
  　   [ 226] 翻转二叉树                                                   Easy   (71.01 %)
  　   [ 225] 用队列实现栈                                                 Easy   (59.39 %)
  　   [ 224] 基本计算器                                                   Hard   (33.05 %)
  　   [ 223] 矩形面积                                                     Medium (41.04 %)
  　   [ 222] 完全二叉树的节点个数                                         Medium (54.42 %)
  　   [ 221] 最大正方形                                                   Medium (37.83 %)
  　   [ 220] 存在重复元素 III                                             Medium (24.72 %)
  　   [ 219] 存在重复元素 II                                              Easy   (35.23 %)
  　   [ 218] 天际线问题                                                   Hard   (37.63 %)
  　   [ 217] 存在重复元素                                                 Easy   (49.23 %)
  　   [ 216] 组合总和 III                                                 Medium (68.42 %)
  　   [ 215] 数组中的第K个最大元素                                        Medium (57.69 %)
  　   [ 214] 最短回文串                                                   Hard   (31.73 %)
  　   [ 213] 打家劫舍 II                                                  Medium (33.87 %)
  　   [ 212] 单词搜索 II                                                  Hard   (34.84 %)
  　   [ 211] 添加与搜索单词 - 数据结构设计                                Medium (38.70 %)
  　   [ 210] 课程表 II                                                    Medium (47.26 %)
  　   [ 209] 长度最小的子数组                                             Medium (39.07 %)
  　   [ 208] 实现 Trie (前缀树)                                           Medium (59.89 %)
  　   [ 207] 课程表                                                       Medium (47.30 %)
  　 ✔ [ 206] 反转链表                                                     Easy   (63.09 %)
  　   [ 205] 同构字符串                                                   Easy   (45.37 %)
  　   [ 204] 计数质数                                                     Easy   (29.04 %)
  　   [ 203] 移除链表元素                                                 Easy   (41.84 %)
  　   [ 202] 快乐数                                                       Easy   (54.15 %)
  　   [ 201] 数字范围按位与                                               Medium (41.16 %)
  　   [ 200] 岛屿数量                                                     Medium (44.76 %)
  　   [ 199] 二叉树的右视图                                               Medium (59.91 %)
  　   [ 198] 打家劫舍                                                     Easy   (40.98 %)
  　   [ 197] 上升的温度                                                   Easy   (45.31 %)
  　   [ 196] 删除重复的电子邮箱                                           Easy   (54.31 %)
  　   [ 195] 第十行                                                       Easy   (40.51 %)
  　   [ 194] 转置文件                                                     Medium (32.54 %)
  　   [ 193] 有效电话号码                                                 Easy   (25.24 %)
  　   [ 192] 统计词频                                                     Medium (30.77 %)
  　   [ 191] 位1的个数                                                    Easy   (56.01 %)
  　   [ 190] 颠倒二进制位                                                 Easy   (44.66 %)
  　   [ 189] 旋转数组                                                     Easy   (38.09 %)
  　   [ 188] 买卖股票的最佳时机 IV                                        Hard   (28.08 %)
  　   [ 187] 重复的DNA序列                                                Medium (43.51 %)
  　   [ 185] 部门工资前三高的员工                                         Hard   (35.87 %)
  　   [ 184] 部门工资最高的员工                                           Medium (39.33 %)
  　   [ 183] 从不订购的客户                                               Easy   (61.90 %)
  　   [ 182] 查找重复的电子邮箱                                           Easy   (75.38 %)
  　   [ 181] 超过经理收入的员工                                           Easy   (65.26 %)
  　   [ 180] 连续出现的数字                                               Medium (45.75 %)
  　   [ 179] 最大数                                                       Medium (32.74 %)
  　   [ 178] 分数排名                                                     Medium (55.35 %)
  　   [ 177] 第N高的薪水                                                  Medium (40.79 %)
  　   [ 176] 第二高的薪水                                                 Easy   (31.61 %)
  　   [ 175] 组合两个表                                                   Easy   (69.23 %)
  　   [ 174] 地下城游戏                                                   Hard   (36.89 %)
  　   [ 173] 二叉搜索树迭代器                                             Medium (64.81 %)
  　   [ 172] 阶乘后的零                                                   Easy   (39.01 %)
  　   [ 171] Excel表列序号                                                Easy   (64.78 %)
  　   [ 169] 求众数                                                       Easy   (60.07 %)
  　   [ 168] Excel表列名称                                                Easy   (33.84 %)
  　   [ 167] 两数之和 II - 输入有序数组                                   Easy   (49.36 %)
  　   [ 166] 分数到小数                                                   Medium (24.60 %)
  　   [ 165] 比较版本号                                                   Medium (31.95 %)
  　   [ 164] 最大间距                                                     Hard   (50.89 %)
  　   [ 162] 寻找峰值                                                     Medium (40.88 %)
  　   [ 160] 相交链表                                                     Easy   (45.93 %)
  　   [ 155] 最小栈                                                       Easy   (49.19 %)
  　   [ 154] 寻找旋转排序数组中的最小值 II                                Hard   (44.52 %)
  　   [ 153] 寻找旋转排序数组中的最小值                                   Medium (49.31 %)
  　   [ 152] 乘积最大子序列                                               Medium (34.96 %)
  　   [ 151] 翻转字符串里的单词                                           Medium (28.06 %)
  　   [ 150] 逆波兰表达式求值                                             Medium (45.12 %)
  　   [ 149] 直线上最多的点数                                             Hard   (17.97 %)
  　   [ 148] 排序链表                                                     Medium (61.14 %)
  　   [ 147] 对链表进行插入排序                                           Medium (59.13 %)
  　 ✔ [ 146] LRU缓存机制                                                  Medium (42.01 %)
  　   [ 145] 二叉树的后序遍历                                             Hard   (66.86 %)
  　   [ 144] 二叉树的前序遍历                                             Medium (60.52 %)
  　   [ 143] 重排链表                                                     Medium (50.62 %)
  　   [ 142] 环形链表 II                                                  Medium (41.93 %)
  　   [ 141] 环形链表                                                     Easy   (41.49 %)
  　   [ 140] 单词拆分 II                                                  Hard   (37.91 %)
  　   [ 139] 单词拆分                                                     Medium (41.97 %)
  　   [ 138] 复制带随机指针的链表                                         Medium (33.95 %)
  　   [ 137] 只出现一次的数字 II                                          Medium (64.42 %)
  　   [ 136] 只出现一次的数字                                             Easy   (62.37 %)
  　   [ 135] 分发糖果                                                     Hard   (40.84 %)
  　   [ 134] 加油站                                                       Medium (47.63 %)
  　   [ 133] 克隆图                                                       Medium (35.01 %)
  　   [ 132] 分割回文串 II                                                Hard   (39.37 %)
  　   [ 131] 分割回文串                                                   Medium (63.05 %)
  　   [ 130] 被围绕的区域                                                 Medium (37.08 %)
  　   [ 129] 求根到叶子节点数字之和                                       Medium (57.99 %)
  　   [ 128] 最长连续序列                                                 Hard   (45.34 %)
  　   [ 127] 单词接龙                                                     Medium (35.96 %)
  　   [ 126] 单词接龙 II                                                  Hard   (26.76 %)
  　   [ 125] 验证回文串                                                   Easy   (40.37 %)
  　   [ 124] 二叉树中的最大路径和                                         Hard   (36.62 %)
  　   [ 123] 买卖股票的最佳时机 III                                       Hard   (38.18 %)
  　 ✔ [ 122] 买卖股票的最佳时机 II                                        Easy   (54.43 %)
  　   [ 121] 买卖股票的最佳时机                                           Easy   (50.30 %)
  　   [ 120] 三角形最小路径和                                             Medium (60.74 %)
  　   [ 119] 杨辉三角 II                                                  Easy   (57.03 %)
  　   [ 118] 杨辉三角                                                     Easy   (63.27 %)
  　   [ 117] 填充每个节点的下一个右侧节点指针 II                          Medium (38.75 %)
  　   [ 116] 填充每个节点的下一个右侧节点指针                             Medium (43.49 %)
  　   [ 115] 不同的子序列                                                 Hard   (44.40 %)
  　   [ 114] 二叉树展开为链表                                             Medium (63.02 %)
  　   [ 113] 路径总和 II                                                  Medium (56.35 %)
  　   [ 112] 路径总和                                                     Easy   (47.26 %)
  　   [ 111] 二叉树的最小深度                                             Easy   (39.41 %)
  　   [ 110] 平衡二叉树                                                   Easy   (49.04 %)
  　   [ 109] 有序链表转换二叉搜索树                                       Medium (67.08 %)
  　   [ 108] 将有序数组转换为二叉搜索树                                   Easy   (65.09 %)
  　   [ 107] 二叉树的层次遍历 II                                          Easy   (61.48 %)
  　   [ 106] 从中序与后序遍历序列构造二叉树                               Medium (62.69 %)
  　   [ 105] 从前序与中序遍历序列构造二叉树                               Medium (59.73 %)
  　   [ 104] 二叉树的最大深度                                             Easy   (70.02 %)
  　   [ 103] 二叉树的锯齿形层次遍历                                       Medium (50.39 %)
  　   [ 102] 二叉树的层次遍历                                             Medium (57.48 %)
  　   [ 101] 对称二叉树                                                   Easy   (47.55 %)
  　   [ 100] 相同的树                                                     Easy   (53.78 %)
  　   [ 99 ] 恢复二叉搜索树                                               Hard   (54.61 %)
  　   [ 98 ] 验证二叉搜索树                                               Medium (26.83 %)
  　   [ 97 ] 交错字符串                                                   Hard   (37.23 %)
  　   [ 96 ] 不同的二叉搜索树                                             Medium (61.33 %)
  　   [ 95 ] 不同的二叉搜索树 II                                          Medium (57.75 %)
  　   [ 94 ] 二叉树的中序遍历                                             Medium (66.72 %)
  　   [ 93 ] 复原IP地址                                                   Medium (45.24 %)
  　   [ 92 ] 反转链表 II                                                  Medium (45.62 %)
  　   [ 91 ] 解码方法                                                     Medium (21.29 %)
  　   [ 90 ] 子集 II                                                      Medium (56.02 %)
  　   [ 89 ] 格雷编码                                                     Medium (65.34 %)
  　   [ 88 ] 合并两个有序数组                                             Easy   (44.70 %)
  　   [ 87 ] 扰乱字符串                                                   Hard   (43.25 %)
  　   [ 86 ] 分隔链表                                                     Medium (51.16 %)
  　   [ 85 ] 最大矩形                                                     Hard   (44.29 %)
  　   [ 84 ] 柱状图中最大的矩形                                           Hard   (37.98 %)
  　   [ 83 ] 删除排序链表中的重复元素                                     Easy   (46.83 %)
  　   [ 82 ] 删除排序链表中的重复元素 II                                  Medium (42.30 %)
  　   [ 81 ] 搜索旋转排序数组 II                                          Medium (33.97 %)
  　   [ 80 ] 删除排序数组中的重复项 II                                    Medium (50.97 %)
  　   [ 79 ] 单词搜索                                                     Medium (38.32 %)
  　   [ 78 ] 子集                                                         Medium (74.14 %)
  　   [ 77 ] 组合                                                         Medium (69.49 %)
  　   [ 76 ] 最小覆盖子串                                                 Hard   (36.14 %)
  　   [ 75 ] 颜色分类                                                     Medium (52.42 %)
  　   [ 74 ] 搜索二维矩阵                                                 Medium (35.57 %)
  　   [ 73 ] 矩阵置零                                                     Medium (53.72 %)
  　   [ 72 ] 编辑距离                                                     Hard   (53.00 %)
  　   [ 71 ] 简化路径                                                     Medium (36.61 %)
  　   [ 70 ] 爬楼梯                                                       Easy   (46.14 %)
  　   [ 69 ] x 的平方根                                                   Easy   (36.44 %)
  　   [ 68 ] 文本左右对齐                                                 Hard   (39.63 %)
  　   [ 67 ] 二进制求和                                                   Easy   (49.54 %)
  　   [ 66 ] 加一                                                         Easy   (39.85 %)
  　   [ 65 ] 有效数字                                                     Hard   (15.50 %)
  　   [ 64 ] 最小路径和                                                   Medium (61.92 %)
  　   [ 63 ] 不同路径 II                                                  Medium (31.67 %)
  　   [ 62 ] 不同路径                                                     Medium (54.92 %)
  　   [ 61 ] 旋转链表                                                     Medium (38.75 %)
  　   [ 60 ] 第k个排列                                                    Medium (46.46 %)
  　   [ 59 ] 螺旋矩阵 II                                                  Medium (73.86 %)
  　 ✔ [ 58 ] 最后一个单词的长度                                           Easy   (30.56 %)
  　   [ 57 ] 插入区间                                                     Hard   (34.60 %)
  　   [ 56 ] 合并区间                                                     Medium (37.35 %)
  　   [ 55 ] 跳跃游戏                                                     Medium (35.77 %)
  　   [ 54 ] 螺旋矩阵                                                     Medium (36.66 %)
  　   [ 53 ] 最大子序和                                                   Easy   (46.34 %)
  　   [ 52 ] N皇后 II                                                     Hard   (74.58 %)
  　   [ 51 ] N皇后                                                        Hard   (64.36 %)
  　   [ 50 ] Pow(x, n)                                                    Medium (32.79 %)
  　   [ 49 ] 字母异位词分组                                               Medium (57.20 %)
  　   [ 48 ] 旋转图像                                                     Medium (62.84 %)
  　   [ 47 ] 全排列 II                                                    Medium (53.03 %)
  　   [ 46 ] 全排列                                                       Medium (70.50 %)
  　   [ 45 ] 跳跃游戏 II                                                  Hard   (30.86 %)
  　   [ 44 ] 通配符匹配                                                   Hard   (24.19 %)
  　   [ 43 ] 字符串相乘                                                   Medium (39.83 %)
  　   [ 42 ] 接雨水                                                       Hard   (45.02 %)
  　   [ 41 ] 缺失的第一个正数                                             Hard   (35.98 %)
  　   [ 40 ] 组合总和 II                                                  Medium (56.03 %)
  　   [ 39 ] 组合总和                                                     Medium (66.25 %)
  　   [ 38 ] 报数                                                         Easy   (51.40 %)
  　   [ 37 ] 解数独                                                       Hard   (55.45 %)
  　   [ 36 ] 有效的数独                                                   Medium (54.58 %)
  　   [ 35 ] 搜索插入位置                                                 Easy   (43.92 %)
  　   [ 34 ] 在排序数组中查找元素的第一个和最后一个位置                   Medium (37.08 %)
  　   [ 33 ] 搜索旋转排序数组                                             Medium (36.18 %)
  　   [ 32 ] 最长有效括号                                                 Hard   (27.69 %)
  　   [ 31 ] 下一个排列                                                   Medium (31.18 %)
  　   [ 30 ] 串联所有单词的子串                                           Hard   (27.24 %)
  　   [ 29 ] 两数相除                                                     Medium (18.45 %)
  　   [ 28 ] 实现strStr()                                                 Easy   (38.64 %)
  　   [ 27 ] 移除元素                                                     Easy   (55.39 %)
  　 ✔ [ 26 ] 删除排序数组中的重复项                                       Easy   (45.32 %)
  　   [ 25 ] K 个一组翻转链表                                             Hard   (52.97 %)
  　   [ 24 ] 两两交换链表中的节点                                         Medium (61.13 %)
  　   [ 23 ] 合并K个排序链表                                              Hard   (47.11 %)
  　   [ 22 ] 括号生成                                                     Medium (71.01 %)
  　   [ 21 ] 合并两个有序链表                                             Easy   (55.98 %)
  　 ✔ [ 20 ] 有效的括号                                                   Easy   (38.92 %)
  　 ✔ [ 19 ] 删除链表的倒数第N个节点                                      Medium (34.68 %)
  　   [ 18 ] 四数之和                                                     Medium (35.83 %)
  　   [ 17 ] 电话号码的字母组合                                           Medium (49.95 %)
  　   [ 16 ] 最接近的三数之和                                             Medium (41.12 %)
  　 ✔ [ 15 ] 三数之和                                                     Medium (23.26 %)
  　   [ 14 ] 最长公共前缀                                                 Easy   (34.14 %)
  　   [ 13 ] 罗马数字转整数                                               Easy   (58.44 %)
  　   [ 12 ] 整数转罗马数字                                               Medium (59.99 %)
  　   [ 11 ] 盛最多水的容器                                               Medium (56.60 %)
  　   [ 10 ] 正则表达式匹配                                               Hard   (23.87 %)
  　   [  9 ] 回文数                                                       Easy   (56.37 %)
  　   [  8 ] 字符串转换整数 (atoi)                                        Medium (17.53 %)
  　   [  7 ] 整数反转                                                     Easy   (32.68 %)
  　   [  6 ] Z 字形变换                                                   Medium (43.69 %)
  　   [  5 ] 最长回文子串                                                 Medium (26.11 %)
  　   [  4 ] 寻找两个有序数组的中位数                                     Hard   (35.51 %)
  　   [  3 ] 无重复字符的最长子串                                         Medium (30.45 %)
  　 ✔ [  2 ] 两数相加                                                     Medium (34.89 %)
  　 ✔ [  1 ] 两数之和                                                     Easy   (46.30 %)
- Downloading longest-substring-without-repeating-characters
[3] 无重复字符的最长子串  

https://leetcode-cn.com/problems/longest-substring-without-repeating-characters/description/

Tags:   algorithms   adobe   amazon   bloomberg   yelp   hash-table   two-pointers   string   sliding-window 

Langs:  c   cpp   csharp   golang   java   javascript   kotlin   php   python   python3   ruby   rust   scala   swift 

* algorithms
* Medium (30.45%)
* Likes:    2097
* Dislikes: -
* Total Accepted:    164K
* Total Submissions: 538.6K
* Testcase Example:  '"abcabcbb"'

<p>给定一个字符串，请你找出其中不含有重复字符的&nbsp;<strong>最长子串&nbsp;</strong>的长度。</p>

<p><strong>示例&nbsp;1:</strong></p>

<pre><strong>输入: </strong>&quot;abcabcbb&quot;
<strong>输出: </strong>3 
<strong>解释:</strong> 因为无重复字符的最长子串是 <code>&quot;abc&quot;，所以其</code>长度为 3。
</pre>

<p><strong>示例 2:</strong></p>

<pre><strong>输入: </strong>&quot;bbbbb&quot;
<strong>输出: </strong>1
<strong>解释: </strong>因为无重复字符的最长子串是 <code>&quot;b&quot;</code>，所以其长度为 1。
</pre>

<p><strong>示例 3:</strong></p>

<pre><strong>输入: </strong>&quot;pwwkew&quot;
<strong>输出: </strong>3
<strong>解释: </strong>因为无重复字符的最长子串是&nbsp;<code>&quot;wke&quot;</code>，所以其长度为 3。
&nbsp;    请注意，你的答案必须是 <strong>子串 </strong>的长度，<code>&quot;pwke&quot;</code>&nbsp;是一个<em>子序列，</em>不是子串。
</pre>

