00:00:00.003915 main     VirtualBox XPCOM Server 6.0.10 r132055 linux.amd64 (Jul 16 2019 13:49:20) release log
00:00:00.003920 main     Log opened 2019-08-04T11:56:53.261229000Z
00:00:00.003921 main     Build Type: release
00:00:00.003932 main     OS Product: Linux
00:00:00.003934 main     OS Release: 4.19.62-1-MANJARO
00:00:00.003936 main     OS Version: #1 SMP PREEMPT Sun Jul 28 09:14:58 UTC 2019
00:00:00.003975 main     DMI Product Name: GL63 8RE
00:00:00.003987 main     DMI Product Version: REV:1.0
00:00:00.004041 main     Host RAM: 15884MB (15.5GB) total, 13595MB (13.2GB) available
00:00:00.004046 main     Executable: /usr/lib/virtualbox/VBoxSVC
00:00:00.004047 main     Process ID: 10040
00:00:00.004048 main     Package type: LINUX_64BITS_GENERIC (OSE)
00:00:00.007501 main     IPC socket path: /tmp/.vbox-fan-ipc/ipcd
00:00:00.122449 nspr-2   VirtualBox: object creation starts
00:00:00.122714 nspr-2   Home directory: '/home/fan/.config/VirtualBox'
00:00:00.137167 nspr-2   Loading settings file "/home/fan/.config/VirtualBox/VirtualBox.xml" with version "1.12-linux"
00:00:00.147840 nspr-2   USB: Unknown USB device detected (idVendor: 0x8087, idProduct: 0x0aaa)
00:00:00.148043 nspr-2   Successfully initialised host USB using sysfs
00:00:00.166847 nspr-2   NetIfAdpCtlOut: VBoxNetAdpCtl: Error while retrieving link speed for wlo1: VBoxNetAdpCtl: ioctl failed: Operation not supported
00:00:00.169091 nspr-2   NAT: resolv.conf: nameserver 192.168.1.1
00:00:00.169138 nspr-2   HostDnsMonitor::updateInfo
00:00:00.169172 nspr-2   HostDnsMonitor: old information
00:00:00.169180 nspr-2     no server entries
00:00:00.169188 nspr-2     no domain set
00:00:00.169194 nspr-2     no search string entries
00:00:00.169202 nspr-2   HostDnsMonitor: new information
00:00:00.169209 nspr-2     server 1: 192.168.1.1
00:00:00.169218 nspr-2     domain: lan
00:00:00.169225 nspr-2     search string 1: lan
00:00:00.187782 nspr-2   VD: VDInit finished with VINF_SUCCESS
00:00:00.189373 nspr-2   ERROR [COM]: aRC=NS_ERROR_FAILURE (0x80004005) aIID={d55176e5-6730-4e9e-fc1f-a59b1f44f78f} aComponent={SystemPropertiesWrap} aText={Cannot determine default Guest Additions ISO location. Most likely they are not available}, preserve=false aResultDetail=0
00:00:00.288767 nspr-2   Loading settings file "/home/fan/VirtualBox VMs/win10/win10.vbox" with version "1.17-linux"
00:00:00.331543 nspr-2   Loading settings file "/home/fan/VirtualBox VMs/centos/centos.vbox" with version "1.16-linux"
00:00:00.336415 nspr-2   OCI: Local config file '/home/fan/.config/VirtualBox/oci_config' does not exist
00:00:00.336465 nspr-2   OCI: Original config file '/home/fan/.oci/config' does not exist
00:00:00.336475 nspr-2   OCI: Reading profiles finished with status NS_OK
00:00:00.336488 nspr-2   ExtPack: Created cloud provider 'OCI' (hrc=NS_OK)
00:00:00.336526 nspr-2   VirtualBox: object created
00:00:03.844850 nspr-6   Load [/usr/lib/virtualbox/ExtensionPacks/Oracle_VM_VirtualBox_Extension_Pack/linux.amd64/VBoxHostWebcam.so] vrc=VINF_SUCCESS
00:00:04.068345 nspr-2   ERROR [COM]: aRC=VBOX_E_IPRT_ERROR (0x80bb0005) aIID={5047460a-265d-4538-b23e-ddba5fb84976} aComponent={SessionMachine} aText={Saved screenshot data is not available (VERR_NOT_SUPPORTED)}, preserve=false aResultDetail=-37
00:00:04.095120 nspr-2   NetIfAdpCtlOut: VBoxNetAdpCtl: Error while retrieving link speed for wlo1: VBoxNetAdpCtl: ioctl failed: Operation not supported
00:00:51.211523 nspr-8   Saving settings file "/home/fan/VirtualBox VMs/centos/centos.vbox" with version "1.16-linux"
00:00:56.751035 nspr-6   Saving settings file "/home/fan/.config/VirtualBox/VirtualBox.xml" with version "1.12-linux"
00:00:57.093819 nspr-7   ERROR [COM]: aRC=E_ACCESSDENIED (0x80070005) aIID={ad47ad09-787b-44ab-b343-a082a3f2dfb1} aComponent={MediumWrap} aText={The object is not ready}, preserve=false aResultDetail=0
00:01:18.311324 nspr-5   Saving settings file "/home/fan/.config/VirtualBox/VirtualBox.xml" with version "1.12-linux"
00:01:18.591923 nspr-5   Saving settings file "/home/fan/.config/VirtualBox/VirtualBox.xml" with version "1.12-linux"
00:01:18.708260 nspr-8   Saving settings file "/home/fan/.config/VirtualBox/VirtualBox.xml" with version "1.12-linux"
00:01:24.325248 main     VirtualBox: object deletion starts
00:01:24.325367 main     ERROR [COM]: aRC=VBOX_E_OBJECT_IN_USE (0x80bb000c) aIID={ad47ad09-787b-44ab-b343-a082a3f2dfb1} aComponent={MediumWrap} aText={Medium '/home/fan/VirtualBox VMs/win10/win10.vdi' cannot be closed because it is still attached to 1 virtual machines}, preserve=false aResultDetail=0
00:01:24.728914 Watcher  ERROR [COM]: aRC=E_ACCESSDENIED (0x80070005) aIID={d0a0163f-e254-4e5b-a1f2-011cf991c38d} aComponent={VirtualBoxWrap} aText={The object is not ready}, preserve=false aResultDetail=0
00:01:29.331754 main     {00007fb18401a1c0} HostPowerServiceLinux::~HostPowerServiceLinux: RTThreadWait() for 5000 ms failed with VERR_TIMEOUT
00:01:29.332926 main     VirtualBox: object deleted
