[2019-07-26 17:26:32.893] [exthost] [info] extension host started
[2019-07-26 17:26:32.899] [exthost] [info] ExtensionService#_doActivateExtension vscode.debug-auto-launch {"startup":true,"activationEvent":"*"}
[2019-07-26 17:26:32.900] [exthost] [info] ExtensionService#loadCommonJSModule /opt/visual-studio-code/resources/app/extensions/debug-auto-launch/dist/extension
[2019-07-26 17:26:32.901] [exthost] [info] ExtensionService#_doActivateExtension vscode.emmet {"startup":true,"activationEvent":"*"}
[2019-07-26 17:26:32.901] [exthost] [info] ExtensionService#loadCommonJSModule /opt/visual-studio-code/resources/app/extensions/emmet/dist/extension
[2019-07-26 17:26:32.911] [exthost] [info] ExtensionService#_doActivateExtension vscode.git {"startup":true,"activationEvent":"*"}
[2019-07-26 17:26:32.911] [exthost] [info] ExtensionService#loadCommonJSModule /opt/visual-studio-code/resources/app/extensions/git/dist/main
[2019-07-26 17:26:32.968] [exthost] [info] ExtensionService#_doActivateExtension vscode.merge-conflict {"startup":true,"activationEvent":"*"}
[2019-07-26 17:26:32.968] [exthost] [info] ExtensionService#loadCommonJSModule /opt/visual-studio-code/resources/app/extensions/merge-conflict/dist/extension
[2019-07-26 17:26:32.972] [exthost] [info] eager extensions activated
[2019-07-26 17:44:49.369] [exthost] [info] ExtensionService#_doActivateExtension shengchen.vscode-leetcode {"startup":false,"activationEvent":"onView:leetCodeExplorer"}
[2019-07-26 17:44:49.369] [exthost] [info] ExtensionService#loadCommonJSModule /home/fan/.vscode/extensions/shengchen.vscode-leetcode-0.15.2/out/src/extension
[2019-07-26 17:45:00.340] [exthost] [info] ExtensionService#_doActivateExtension vscodevim.vim {"startup":false,"activationEvent":"*"}
[2019-07-26 17:45:00.340] [exthost] [info] ExtensionService#loadCommonJSModule /home/fan/.vscode/extensions/vscodevim.vim-1.8.2/out/extension
[2019-07-26 17:45:12.819] [exthost] [info] ExtensionService#_doActivateExtension vscode.configuration-editing {"startup":false,"activationEvent":"onLanguage:jsonc"}
[2019-07-26 17:45:12.819] [exthost] [info] ExtensionService#loadCommonJSModule /opt/visual-studio-code/resources/app/extensions/configuration-editing/dist/extension
[2019-07-26 17:45:12.824] [exthost] [info] ExtensionService#_doActivateExtension vscode.json-language-features {"startup":false,"activationEvent":"onLanguage:jsonc"}
[2019-07-26 17:45:12.824] [exthost] [info] ExtensionService#loadCommonJSModule /opt/visual-studio-code/resources/app/extensions/json-language-features/client/dist/jsonMain
[2019-07-26 17:45:12.870] [exthost] [info] ExtensionService#_doActivateExtension vscode.typescript-language-features {"startup":false,"activationEvent":"onLanguage:jsonc"}
[2019-07-26 17:45:12.870] [exthost] [info] ExtensionService#loadCommonJSModule /opt/visual-studio-code/resources/app/extensions/typescript-language-features/dist/extension
[2019-07-26 17:57:52.595] [exthost] [info] extension host started
[2019-07-26 17:57:52.602] [exthost] [info] ExtensionService#_doActivateExtension vscode.debug-auto-launch {"startup":true,"activationEvent":"*"}
[2019-07-26 17:57:52.602] [exthost] [info] ExtensionService#loadCommonJSModule /opt/visual-studio-code/resources/app/extensions/debug-auto-launch/dist/extension
[2019-07-26 17:57:52.604] [exthost] [info] ExtensionService#_doActivateExtension vscode.emmet {"startup":true,"activationEvent":"*"}
[2019-07-26 17:57:52.604] [exthost] [info] ExtensionService#loadCommonJSModule /opt/visual-studio-code/resources/app/extensions/emmet/dist/extension
[2019-07-26 17:57:52.614] [exthost] [info] ExtensionService#_doActivateExtension vscode.git {"startup":true,"activationEvent":"*"}
[2019-07-26 17:57:52.614] [exthost] [info] ExtensionService#loadCommonJSModule /opt/visual-studio-code/resources/app/extensions/git/dist/main
[2019-07-26 17:57:52.674] [exthost] [info] ExtensionService#_doActivateExtension vscode.merge-conflict {"startup":true,"activationEvent":"*"}
[2019-07-26 17:57:52.674] [exthost] [info] ExtensionService#loadCommonJSModule /opt/visual-studio-code/resources/app/extensions/merge-conflict/dist/extension
[2019-07-26 17:57:52.677] [exthost] [info] ExtensionService#_doActivateExtension vscodevim.vim {"startup":true,"activationEvent":"*"}
[2019-07-26 17:57:52.677] [exthost] [info] ExtensionService#loadCommonJSModule /home/fan/.vscode/extensions/vscodevim.vim-1.8.2/out/extension
[2019-07-26 17:57:52.866] [exthost] [info] eager extensions activated
